<?xml version="1.0" encoding="UTF-8"?>
<!-- Generated by org.testng.reporters.JUnitReportReporter -->
<testsuite hostname="PDIF-54" failures="0" tests="1" name="com.testclasses.HomePageTest" time="6.538" errors="0" timestamp="13 May 2023 06:02:28 GMT" skipped="0">
  <testcase classname="com.testclasses.HomePageTest" name="logIn" time="6.538"/>
</testsuite> <!-- com.testclasses.HomePageTest -->
